col max
11.1,24.6,17.0,12.0,24.0,9.7
col min
-0.1,-2.1,-6.4,-1.5,-3.0,-6.2
col interval
0.5599999999999999,1.3350000000000002,1.17,0.675,1.35,0.7949999999999999
incremental value
0.09515717926932878,0.32200509770603225,0.5208156329651656,0.6355140186915887,0.864910790144435,0.9999999999999999
data with bank
0,0,0,0,0,0
0,3,10,3,4,15
0,0,0,0,0,0
0,2,10,3,4,15
18,16,19,18,19,19
18,19,19,19,19,19
16,19,19,18,18,19
17,17,19,19,19,19
19,19,19,19,18,19
data bank summary
4,0,0,0,0,0,0,0,0,0,0,0,0,0,0,0,1,1,2,1
2,0,1,1,0,0,0,0,0,0,0,0,0,0,0,0,1,1,0,3
2,0,0,0,0,0,0,0,0,0,2,0,0,0,0,0,0,0,0,5
2,0,0,2,0,0,0,0,0,0,0,0,0,0,0,0,0,0,2,3
2,0,0,0,2,0,0,0,0,0,0,0,0,0,0,0,0,0,2,3
2,0,0,0,0,0,0,0,0,0,0,0,0,0,0,2,0,0,0,5
data minimal bin
1,1,1,1,1,1
hyperplanes
4,0,0
thresholds
-1.65,0.45999999999999996,0.45999999999999996
M = 3
4 : 2129.7799999999997,1013.35,2132.7725,1032.2100000000003,0.0,17.39,14.219999999999997,3.2200000000000024,24.030000000000015
0 : 0.0,357.17,0.48250000000000004,358.11,2129.7799999999997,2403.13,2262.56,2245.06,2384.55
6 : 2262.56,1111.39,2267.7725,1131.49,14.219999999999997,4.930000000000001,0.0,7.819999999999996,4.490000000000002
8 : 2384.55,1213.2800000000004,2389.9725,1233.8600000000004,24.030000000000015,5.699999999999998,4.490000000000002,15.649999999999991,0.0
2 : 0.48250000000000004,365.83250000000004,0.0,367.07250000000005,2132.7725,2406.4925000000003,2267.7725,2249.5725,2389.9725
1 : 357.17,0.0,365.83250000000004,0.28000000000000075,1013.35,1226.22,1111.39,1083.1900000000003,1213.2800000000004
3 : 358.11,0.28000000000000075,367.07250000000005,0.0,1032.2100000000003,1248.0600000000002,1131.49,1102.5500000000002,1233.8600000000004
7 : 2245.06,1083.1900000000003,2249.5725,1102.5500000000002,3.2200000000000024,10.069999999999991,7.819999999999996,0.0,15.649999999999991
5 : 2403.13,1226.22,2406.4925000000003,1248.0600000000002,17.39,0.0,4.930000000000001,10.069999999999991,5.699999999999998
